<?xml version="1.0" encoding="UTF-8"?>
<testng-results skipped="0" failed="0" ignored="0" total="1" passed="1">
  <reporter-output>
  </reporter-output>
  <suite name="Default suite" duration-ms="18052" started-at="2019-04-23T00:24:40Z" finished-at="2019-04-23T00:24:58Z">
    <groups>
    </groups>
    <test name="Default test" duration-ms="18052" started-at="2019-04-23T00:24:40Z" finished-at="2019-04-23T00:24:58Z">
      <class name="com.tt.steps.NumberOfLinks">
        <test-method status="PASS" signature="Total_Links()[pri:0, instance:com.tt.steps.NumberOfLinks@cc285f4]" name="Total_Links" duration-ms="17924" started-at="2019-04-23T00:24:40Z" finished-at="2019-04-23T00:24:58Z">
          <reporter-output>
          </reporter-output>
        </test-method> <!-- Total_Links -->
      </class> <!-- com.tt.steps.NumberOfLinks -->
    </test> <!-- Default test -->
  </suite> <!-- Default suite -->
</testng-results>
